<?xml version="1.0" encoding="UTF-8"?>
<!-- Generated by org.testng.reporters.JUnitReportReporter -->
<testsuite hostname="Sayali" failures="0" tests="4" name="runtt.runtt.TTC" time="13.174" errors="0" timestamp="2023-04-05T12:17:55 IST" skipped="0">
  <testcase classname="runtt.runtt.TTC" name="test1" time="6.339"/>
  <system-out/>
  <testcase classname="runtt.runtt.TTC" name="test2" time="3.616"/>
  <system-out/>
  <testcase classname="runtt.runtt.TTC" name="test3" time="3.106"/>
  <system-out/>
  <testcase classname="runtt.runtt.TTC" name="test4" time="0.113"/>
  <system-out/>
</testsuite> <!-- runtt.runtt.TTC -->
